Looking for git in: git
Using git 2.33.0 from git
Opening repository for path='/home/paddys/.config/xmobar' failed; ex=Failed to execute git {
  "exitCode": 128,
  "gitErrorCode": "NotAGitRepository",
  "gitCommand": "rev-parse",
  "stdout": "",
  "stderr": "fatal: not a git repository (or any of the parent directories): .git\n"
}
Opening repository for path='/home/paddys/.config/xmobar/trayer-padding-icon.sh' failed; ex=Error: spawn ENOTDIR
Opening repository for path='/home/paddys/.config/xmobar/xmobarrc0' failed; ex=Error: spawn ENOTDIR
Opening repository for path='/home/paddys/.config/xmobar/xmobarrc1' failed; ex=Error: spawn ENOTDIR
Opening repository for path='/home/paddys/.config/xmobar/xmobarrc2' failed; ex=Error: spawn ENOTDIR
Opening repository for path='/home/paddys/.config/xmobar' failed; ex=Failed to execute git {
  "exitCode": 128,
  "gitErrorCode": "NotAGitRepository",
  "gitCommand": "rev-parse",
  "stdout": "",
  "stderr": "fatal: not a git repository (or any of the parent directories): .git\n"
}
Opening repository for path='/home/paddys/.config/xmobar' failed; ex=Failed to execute git {
  "exitCode": 128,
  "gitErrorCode": "NotAGitRepository",
  "gitCommand": "rev-parse",
  "stdout": "",
  "stderr": "fatal: not a git repository (or any of the parent directories): .git\n"
}
Opening repository for path='/home/paddys/.xmonad' failed; ex=Failed to execute git {
  "exitCode": 128,
  "gitErrorCode": "NotAGitRepository",
  "gitCommand": "rev-parse",
  "stdout": "",
  "stderr": "fatal: not a git repository (or any of the parent directories): .git\n"
}
Opening repository for path='/home/paddys/.config/xmobar' failed; ex=Failed to execute git {
  "exitCode": 128,
  "gitErrorCode": "NotAGitRepository",
  "gitCommand": "rev-parse",
  "stdout": "",
  "stderr": "fatal: not a git repository (or any of the parent directories): .git\n"
}
Opening repository for path='/home/paddys/.xmonad' failed; ex=Failed to execute git {
  "exitCode": 128,
  "gitErrorCode": "NotAGitRepository",
  "gitCommand": "rev-parse",
  "stdout": "",
  "stderr": "fatal: not a git repository (or any of the parent directories): .git\n"
}
Opening repository for path='/home/paddys/.config/xmobar' failed; ex=Failed to execute git {
  "exitCode": 128,
  "gitErrorCode": "NotAGitRepository",
  "gitCommand": "rev-parse",
  "stdout": "",
  "stderr": "fatal: not a git repository (or any of the parent directories): .git\n"
}
Opening repository for path='/home/paddys/.config/xmobar' failed; ex=Failed to execute git {
  "exitCode": 128,
  "gitErrorCode": "NotAGitRepository",
  "gitCommand": "rev-parse",
  "stdout": "",
  "stderr": "fatal: not a git repository (or any of the parent directories): .git\n"
}
